2025-07-08 15:43:44 [info] (C:\Users\Muhammad Kamran\visual Studio Code\node projects\NutraGaze\App\src\main.js:39:12) - Connected to database
2025-07-08 15:43:44 [info] (C:\Users\Muhammad Kamran\visual Studio Code\node projects\NutraGaze\App\src\main.js:41:20) - 🚀 App is running at: http://localhost:3002
2025-07-08 16:58:11 [info] (C:\Users\Muhammad Kamran\visual Studio Code\node projects\NutraGaze\App\src\main.js:39:12) - Connected to database
2025-07-08 16:58:11 [info] (C:\Users\Muhammad Kamran\visual Studio Code\node projects\NutraGaze\App\src\main.js:41:20) - 🚀 App is running at: http://localhost:3002
2025-07-08 17:00:13 [info] (C:\Users\Muhammad Kamran\visual Studio Code\node projects\NutraGaze\App\src\main.js:39:12) - Connected to database
2025-07-08 17:00:13 [info] (C:\Users\Muhammad Kamran\visual Studio Code\node projects\NutraGaze\App\src\main.js:41:20) - 🚀 App is running at: http://localhost:3002
2025-07-08 17:06:20 [info] (C:\Users\Muhammad Kamran\visual Studio Code\node projects\NutraGaze\App\src\main.js:39:12) - Connected to database
2025-07-08 17:06:20 [info] (C:\Users\Muhammad Kamran\visual Studio Code\node projects\NutraGaze\App\src\main.js:41:20) - 🚀 App is running at: http://localhost:3002
2025-07-08 17:07:22 [error] (C:\Users\Muhammad Kamran\visual Studio Code\node projects\NutraGaze\App\src\main.js:46:16) - ❌ Error while starting app: syntax error at or near ")"
2025-07-08 17:08:32 [error] (C:\Users\Muhammad Kamran\visual Studio Code\node projects\NutraGaze\App\src\main.js:46:16) - ❌ Error while starting app: syntax error at or near ")"
2025-07-08 17:08:34 [error] (C:\Users\Muhammad Kamran\visual Studio Code\node projects\NutraGaze\App\src\main.js:46:16) - ❌ Error while starting app: syntax error at or near ")"
2025-07-08 17:09:12 [info] (C:\Users\Muhammad Kamran\visual Studio Code\node projects\NutraGaze\App\src\main.js:41:12) - Connected to database
2025-07-08 17:09:12 [info] (C:\Users\Muhammad Kamran\visual Studio Code\node projects\NutraGaze\App\src\main.js:43:20) - 🚀 App is running at: http://localhost:3002
2025-07-08 17:10:59 [info] (C:\Users\Muhammad Kamran\visual Studio Code\node projects\NutraGaze\App\src\main.js:41:12) - Connected to database
2025-07-08 17:10:59 [info] (C:\Users\Muhammad Kamran\visual Studio Code\node projects\NutraGaze\App\src\main.js:43:20) - 🚀 App is running at: http://localhost:3002
2025-07-08 17:11:04 [info] (C:\Users\Muhammad Kamran\visual Studio Code\node projects\NutraGaze\App\src\main.js:41:12) - Connected to database
2025-07-08 17:11:04 [info] (C:\Users\Muhammad Kamran\visual Studio Code\node projects\NutraGaze\App\src\main.js:43:20) - 🚀 App is running at: http://localhost:3002
2025-07-08 17:22:14 [info] (C:\Users\Muhammad Kamran\visual Studio Code\node projects\NutraGaze\App\src\main.js:41:12) - Connected to database
2025-07-08 17:22:14 [info] (C:\Users\Muhammad Kamran\visual Studio Code\node projects\NutraGaze\App\src\main.js:43:20) - 🚀 App is running at: http://localhost:3002
2025-07-08 17:39:48 [info] (C:\Users\Muhammad Kamran\visual Studio Code\node projects\NutraGaze\App\src\main.js:41:12) - Connected to database
2025-07-08 17:39:48 [info] (C:\Users\Muhammad Kamran\visual Studio Code\node projects\NutraGaze\App\src\main.js:43:20) - 🚀 App is running at: http://localhost:3002
2025-07-08 17:40:22 [info] (C:\Users\Muhammad Kamran\visual Studio Code\node projects\NutraGaze\App\src\main.js:41:12) - Connected to database
2025-07-08 17:40:22 [info] (C:\Users\Muhammad Kamran\visual Studio Code\node projects\NutraGaze\App\src\main.js:43:20) - 🚀 App is running at: http://localhost:3002
2025-07-08 17:44:03 [info] (C:\Users\Muhammad Kamran\visual Studio Code\node projects\NutraGaze\App\src\main.js:41:12) - Connected to database
2025-07-08 17:44:03 [info] (C:\Users\Muhammad Kamran\visual Studio Code\node projects\NutraGaze\App\src\main.js:43:20) - 🚀 App is running at: http://localhost:3002
2025-07-08 17:44:17 [info] (C:\Users\Muhammad Kamran\visual Studio Code\node projects\NutraGaze\App\src\main.js:41:12) - Connected to database
2025-07-08 17:44:17 [info] (C:\Users\Muhammad Kamran\visual Studio Code\node projects\NutraGaze\App\src\main.js:43:20) - 🚀 App is running at: http://localhost:3002
2025-07-08 17:45:26 [info] (C:\Users\Muhammad Kamran\visual Studio Code\node projects\NutraGaze\App\src\main.js:41:12) - Connected to database
2025-07-08 17:45:26 [info] (C:\Users\Muhammad Kamran\visual Studio Code\node projects\NutraGaze\App\src\main.js:43:20) - 🚀 App is running at: http://localhost:3002
2025-07-08 17:52:07 [info] (C:\Users\Muhammad Kamran\visual Studio Code\node projects\NutraGaze\App\src\main.js:43:12) - Connected to database
2025-07-08 17:52:07 [info] (C:\Users\Muhammad Kamran\visual Studio Code\node projects\NutraGaze\App\src\main.js:45:20) - 🚀 App is running at: http://localhost:3002
2025-07-08 17:54:06 [info] (C:\Users\Muhammad Kamran\visual Studio Code\node projects\NutraGaze\App\src\main.js:22:16) - {
  "method": "GET",
  "url": "/anaylyze_food",
  "params": {},
  "query": {},
  "statusCode": 404,
  "duration": "6.18ms"
}
2025-07-08 17:54:13 [info] (C:\Users\Muhammad Kamran\visual Studio Code\node projects\NutraGaze\App\src\main.js:22:16) - {
  "method": "POST",
  "url": "/anaylyze_food",
  "params": {},
  "query": {},
  "statusCode": 404,
  "duration": "2.45ms"
}
2025-07-08 17:54:36 [info] (C:\Users\Muhammad Kamran\visual Studio Code\node projects\NutraGaze\App\src\main.js:43:12) - Connected to database
2025-07-08 17:54:36 [info] (C:\Users\Muhammad Kamran\visual Studio Code\node projects\NutraGaze\App\src\main.js:45:20) - 🚀 App is running at: http://localhost:3002
2025-07-08 17:54:37 [info] (C:\Users\Muhammad Kamran\visual Studio Code\node projects\NutraGaze\common\jwt\validate.js:19:16) - 'JWT Error:' Invalid token
2025-07-08 17:54:37 [info] (C:\Users\Muhammad Kamran\visual Studio Code\node projects\NutraGaze\App\src\main.js:22:16) - {
  "method": "POST",
  "url": "/analyze_food",
  "params": {},
  "query": {},
  "statusCode": 401,
  "duration": "8.36ms"
}
2025-07-08 17:54:47 [info] (C:\Users\Muhammad Kamran\visual Studio Code\node projects\NutraGaze\App\src\signup\service\service.js:183:20) - {
  "status": 200,
  "success": true,
  "message": "Logged in successfully (dev mode)",
  "data": {
    "total": 1,
    "user": {
      "id": 5,
      "created_at": "2025-07-03T06:55:15.738Z",
      "updated_at": "2025-07-03T06:55:15.738Z",
      "country_code": "92",
      "phone": "3044493350",
      "name": "Muhammad Kamran",
      "profile_photo": "1751875597896_61645479.png",
      "password": null,
      "is_profile_completed": true
    },
    "token": "eyJhbGciOiJIUzI1NiIsInR5cCI6IkpXVCJ9.eyJpZCI6NSwiY291bnRyeV9jb2RlIjoiOTIiLCJwaG9uZSI6IjMwNDQ0OTMzNTAiLCJpYXQiOjE3NTE5NzkyODcsImV4cCI6MTc1MTk5MDA4N30.Fwu0iL1zIr10oKLI_6tqJ9anXHgaef3RA26K60CCxtM"
  }
}
2025-07-08 17:54:47 [info] (C:\Users\Muhammad Kamran\visual Studio Code\node projects\NutraGaze\App\src\main.js:22:16) - {
  "method": "POST",
  "url": "/verify_otp",
  "params": {},
  "query": {},
  "body": {
    "country_code": "92",
    "phone": "3044493350",
    "otp": "941496"
  },
  "statusCode": 200,
  "duration": "8.59ms"
}
2025-07-08 17:54:52 [info] (C:\Users\Muhammad Kamran\visual Studio Code\node projects\NutraGaze\App\src\signup\service\service.js:268:16) - {
  "status": 200,
  "success": true,
  "message": "Profile Updated successfully",
  "data": {
    "user": {
      "id": 5,
      "created_at": "2025-07-03T06:55:15.738Z",
      "updated_at": "2025-07-03T06:55:15.738Z",
      "country_code": "92",
      "phone": "3044493350",
      "name": "Muhammad Kamran",
      "profile_photo": "1751875597896_61645479.png",
      "password": null,
      "is_profile_completed": true
    },
    "UpdatedData": {
      "id": 5,
      "created_at": "2025-07-03T06:55:15.738Z",
      "updated_at": "2025-07-03T06:55:15.738Z",
      "country_code": "92",
      "phone": "3044493350",
      "name": "Muhammad Kamran",
      "profile_photo": "1751979292064_674743783.png",
      "password": null,
      "is_profile_completed": true
    }
  }
}
2025-07-08 17:54:52 [info] (C:\Users\Muhammad Kamran\visual Studio Code\node projects\NutraGaze\App\src\main.js:22:16) - {
  "method": "POST",
  "url": "/update_profile",
  "params": {},
  "query": {},
  "statusCode": 200,
  "duration": "40.95ms"
}
2025-07-08 17:55:18 [info] (C:\Users\Muhammad Kamran\visual Studio Code\node projects\NutraGaze\App\src\main.js:22:16) - {
  "method": "POST",
  "url": "/analyze_food",
  "params": {},
  "query": {},
  "statusCode": 400,
  "duration": "3.01ms"
}
