2025-07-02T11:50:45.961Z [INFO]: Connected to database
2025-07-02T11:50:45.965Z [INFO]: 🚀 App is running at: http://localhost:3002
2025-07-02T11:51:19.482Z [ERROR]: Internal Server error
2025-07-02T11:51:19.483Z [ERROR]: Internal Server error
2025-07-02T11:52:08.138Z [INFO]: Connected to database
2025-07-02T11:52:08.143Z [INFO]: 🚀 App is running at: http://localhost:3002
2025-07-02T11:55:18.989Z [INFO]: Connected to database
2025-07-02T11:55:18.993Z [INFO]: 🚀 App is running at: http://localhost:3002
2025-07-02T12:01:01.425Z [INFO]: Connected to database
2025-07-02T12:01:01.429Z [INFO]: 🚀 App is running at: http://localhost:3002
2025-07-02T12:01:17.512Z [INFO]: Connected to database
2025-07-02T12:01:17.517Z [INFO]: 🚀 App is running at: http://localhost:3002
2025-07-02T12:01:35.036Z [INFO]: Connected to database
2025-07-02T12:01:35.040Z [INFO]: 🚀 App is running at: http://localhost:3002
2025-07-02T12:07:57.256Z [INFO]: Connected to database
2025-07-02T12:07:57.259Z [INFO]: 🚀 App is running at: http://localhost:3002
2025-07-02T12:10:37.504Z [INFO]: Connected to database
2025-07-02T12:10:37.507Z [INFO]: 🚀 App is running at: http://localhost:3002
2025-07-02T12:46:53.260Z [INFO]: Connected to database
2025-07-02T12:46:53.263Z [INFO]: 🚀 App is running at: http://localhost:3002
2025-07-02T12:47:33.817Z [INFO]: Connected to database
2025-07-02T12:47:33.821Z [INFO]: 🚀 App is running at: http://localhost:3002
2025-07-02T12:47:42.362Z [INFO]: Connected to database
2025-07-02T12:47:42.365Z [INFO]: 🚀 App is running at: http://localhost:3002
2025-07-02T12:51:04.877Z [INFO]: Connected to database
2025-07-02T12:51:04.881Z [INFO]: 🚀 App is running at: http://localhost:3002
2025-07-02T12:51:31.466Z [INFO]: Connected to database
2025-07-02T12:51:31.470Z [INFO]: 🚀 App is running at: http://localhost:3002
2025-07-02T12:57:28.080Z [INFO]: Connected to database
2025-07-02T12:57:28.084Z [INFO]: 🚀 App is running at: http://localhost:3002
2025-07-02T12:58:03.708Z [INFO]: Connected to database
2025-07-02T12:58:03.712Z [INFO]: 🚀 App is running at: http://localhost:3002
2025-07-02T12:58:40.446Z [INFO]: Connected to database
2025-07-02T12:58:40.450Z [INFO]: 🚀 App is running at: http://localhost:3002
2025-07-02T12:58:43.361Z [INFO]: Connected to database
2025-07-02T12:58:43.365Z [INFO]: 🚀 App is running at: http://localhost:3002
2025-07-02T12:58:55.722Z [ERROR]: Internal Server error
2025-07-02T12:58:57.548Z [INFO]: OTP sent successfully
2025-07-02T13:01:34.479Z [INFO]: Connected to database
2025-07-02T13:01:34.483Z [INFO]: 🚀 App is running at: http://localhost:3002
2025-07-02 18:01:53 [INFO]: Connected to database
2025-07-02 18:01:53 [INFO]: 🚀 App is running at: http://localhost:3002
2025-07-02 18:03:52 [INFO]: Connected to database
2025-07-02 18:03:52 [INFO]: 🚀 App is running at: http://localhost:3002
2025-07-02 18:03:59 [INFO]: OTP sent successfully
2025-07-02 18:03:59 [ERROR]: Internal Server error
2025-07-02 18:07:21 [INFO]: Connected to database
2025-07-02 18:07:21 [INFO]: 🚀 App is running at: http://localhost:3002
2025-07-02 18:07:25 [INFO]: OTP sent successfully
2025-07-02 18:07:25 [ERROR]: Internal Server error
