2025-07-04 12:26:14 [info] (C:\Users\Muhammad Kamran\visual Studio Code\node projects\NutraGaze\App\src\main.js:39:12) - Connected to database
2025-07-04 12:26:14 [info] (C:\Users\Muhammad Kamran\visual Studio Code\node projects\NutraGaze\App\src\main.js:41:20) - 🚀 App is running at: http://localhost:3002
2025-07-04 12:39:29 [info] (C:\Users\Muhammad Kamran\visual Studio Code\node projects\NutraGaze\App\src\main.js:39:12) - Connected to database
2025-07-04 12:39:29 [info] (C:\Users\Muhammad Kamran\visual Studio Code\node projects\NutraGaze\App\src\main.js:41:20) - 🚀 App is running at: http://localhost:3002
2025-07-04 16:04:15 [info] (C:\Users\Muhammad Kamran\visual Studio Code\node projects\NutraGaze\App\src\main.js:39:12) - Connected to database
2025-07-04 16:04:15 [info] (C:\Users\Muhammad Kamran\visual Studio Code\node projects\NutraGaze\App\src\main.js:41:20) - 🚀 App is running at: http://localhost:3002
2025-07-04 16:04:43 [info] (C:\Users\Muhammad Kamran\visual Studio Code\node projects\NutraGaze\App\src\signup\service\service.js:58:16) - {
  "status": 200,
  "success": true,
  "message": "OTP sent successfully (dev mode)",
  "data": {
    "phone": "+923044493350"
  }
}
2025-07-04 16:04:43 [info] (C:\Users\Muhammad Kamran\visual Studio Code\node projects\NutraGaze\App\src\main.js:20:16) - {
  "method": "POST",
  "url": "/send_otp",
  "params": {},
  "query": {},
  "body": {
    "country_code": "92",
    "phone": "3044493350"
  },
  "statusCode": 200,
  "duration": "5.19ms"
}
2025-07-04 16:04:50 [info] (C:\Users\Muhammad Kamran\visual Studio Code\node projects\NutraGaze\App\src\signup\service\service.js:175:20) - {
  "status": 200,
  "success": true,
  "message": "Logged in successfully (dev mode)",
  "data": {
    "total": 1,
    "user": {
      "id": 5,
      "created_at": "2025-07-03T06:55:15.738Z",
      "updated_at": "2025-07-03T06:55:15.738Z",
      "country_code": "92",
      "phone": "3044493350",
      "name": null,
      "profile_photo": null,
      "password": null,
      "is_profile_completed": false
    },
    "toke": "eyJhbGciOiJIUzI1NiIsInR5cCI6IkpXVCJ9.eyJpZCI6NSwiY291bnRyeV9jb2RlIjoiOTIiLCJwaG9uZSI6IjMwNDQ0OTMzNTAiLCJpYXQiOjE3NTE2MjcwOTAsImV4cCI6MTc1MTYzNzg5MH0.vQ5kaC9P5zTf2tR8D4HhzwGw4MZfn53oMks1qR2F8sg"
  }
}
2025-07-04 16:04:50 [info] (C:\Users\Muhammad Kamran\visual Studio Code\node projects\NutraGaze\App\src\main.js:20:16) - {
  "method": "POST",
  "url": "/verify_otp",
  "params": {},
  "query": {},
  "body": {
    "country_code": "92",
    "phone": "3044493350",
    "otp": "941496"
  },
  "statusCode": 200,
  "duration": "105.18ms"
}
2025-07-04 16:08:42 [info] (C:\Users\Muhammad Kamran\visual Studio Code\node projects\NutraGaze\App\src\main.js:39:12) - Connected to database
2025-07-04 16:08:42 [info] (C:\Users\Muhammad Kamran\visual Studio Code\node projects\NutraGaze\App\src\main.js:41:20) - 🚀 App is running at: http://localhost:3002
2025-07-04 16:10:47 [info] (C:\Users\Muhammad Kamran\visual Studio Code\node projects\NutraGaze\App\src\main.js:39:12) - Connected to database
2025-07-04 16:10:47 [info] (C:\Users\Muhammad Kamran\visual Studio Code\node projects\NutraGaze\App\src\main.js:41:20) - 🚀 App is running at: http://localhost:3002
2025-07-04 16:16:05 [info] (C:\Users\Muhammad Kamran\visual Studio Code\node projects\NutraGaze\App\src\main.js:39:12) - Connected to database
2025-07-04 16:16:05 [info] (C:\Users\Muhammad Kamran\visual Studio Code\node projects\NutraGaze\App\src\main.js:41:20) - 🚀 App is running at: http://localhost:3002
2025-07-04 17:34:57 [info] (C:\Users\Muhammad Kamran\visual Studio Code\node projects\NutraGaze\App\src\main.js:39:12) - Connected to database
2025-07-04 17:34:57 [info] (C:\Users\Muhammad Kamran\visual Studio Code\node projects\NutraGaze\App\src\main.js:41:20) - 🚀 App is running at: http://localhost:3002
2025-07-04 18:12:00 [info] (C:\Users\Muhammad Kamran\visual Studio Code\node projects\NutraGaze\App\src\main.js:39:12) - Connected to database
2025-07-04 18:12:00 [info] (C:\Users\Muhammad Kamran\visual Studio Code\node projects\NutraGaze\App\src\main.js:41:20) - 🚀 App is running at: http://localhost:3002
